2021-07-16 18:56:36,874 [myid:] - INFO  [main:Environment@98] - Client environment:zookeeper.version=3.6.2--803c7f1a12f85978cb049af5e4ef23bd8b688715, built on 09/04/2020 12:44 GMT
2021-07-16 18:56:36,887 [myid:] - INFO  [main:Environment@98] - Client environment:host.name=Nuno
2021-07-16 18:56:36,887 [myid:] - INFO  [main:Environment@98] - Client environment:java.version=11.0.10
2021-07-16 18:56:36,887 [myid:] - INFO  [main:Environment@98] - Client environment:java.vendor=AdoptOpenJDK
2021-07-16 18:56:36,887 [myid:] - INFO  [main:Environment@98] - Client environment:java.home=C:\Program Files\AdoptOpenJDK\jdk-11.0.10.9-hotspot
2021-07-16 18:56:36,888 [myid:] - INFO  [main:Environment@98] - Client environment:java.class.path=C:\Users\Nuno Afonso\Desktop\claudia\SD-EE\projecto\zknaming\target\test-classes;C:\Users\Nuno Afonso\.m2\repository\org\apache\zookeeper\zookeeper\3.6.2\zookeeper-3.6.2.jar;C:\Users\Nuno Afonso\.m2\repository\commons-lang\commons-lang\2.6\commons-lang-2.6.jar;C:\Users\Nuno Afonso\.m2\repository\org\apache\zookeeper\zookeeper-jute\3.6.2\zookeeper-jute-3.6.2.jar;C:\Users\Nuno Afonso\.m2\repository\org\apache\yetus\audience-annotations\0.5.0\audience-annotations-0.5.0.jar;C:\Users\Nuno Afonso\.m2\repository\io\netty\netty-handler\4.1.50.Final\netty-handler-4.1.50.Final.jar;C:\Users\Nuno Afonso\.m2\repository\io\netty\netty-common\4.1.50.Final\netty-common-4.1.50.Final.jar;C:\Users\Nuno Afonso\.m2\repository\io\netty\netty-resolver\4.1.50.Final\netty-resolver-4.1.50.Final.jar;C:\Users\Nuno Afonso\.m2\repository\io\netty\netty-buffer\4.1.50.Final\netty-buffer-4.1.50.Final.jar;C:\Users\Nuno Afonso\.m2\repository\io\netty\netty-transport\4.1.50.Final\netty-transport-4.1.50.Final.jar;C:\Users\Nuno Afonso\.m2\repository\io\netty\netty-codec\4.1.50.Final\netty-codec-4.1.50.Final.jar;C:\Users\Nuno Afonso\.m2\repository\io\netty\netty-transport-native-epoll\4.1.50.Final\netty-transport-native-epoll-4.1.50.Final.jar;C:\Users\Nuno Afonso\.m2\repository\io\netty\netty-transport-native-unix-common\4.1.50.Final\netty-transport-native-unix-common-4.1.50.Final.jar;C:\Users\Nuno Afonso\.m2\repository\org\slf4j\slf4j-api\1.7.25\slf4j-api-1.7.25.jar;C:\Users\Nuno Afonso\.m2\repository\org\slf4j\slf4j-log4j12\1.7.25\slf4j-log4j12-1.7.25.jar;C:\Users\Nuno Afonso\.m2\repository\log4j\log4j\1.2.17\log4j-1.2.17.jar;C:\Users\Nuno Afonso\.m2\repository\org\junit\jupiter\junit-jupiter-engine\5.7.1\junit-jupiter-engine-5.7.1.jar;C:\Users\Nuno Afonso\.m2\repository\org\apiguardian\apiguardian-api\1.1.0\apiguardian-api-1.1.0.jar;C:\Users\Nuno Afonso\.m2\repository\org\junit\platform\junit-platform-engine\1.7.1\junit-platform-engine-1.7.1.jar;C:\Users\Nuno Afonso\.m2\repository\org\opentest4j\opentest4j\1.2.0\opentest4j-1.2.0.jar;C:\Users\Nuno Afonso\.m2\repository\org\junit\platform\junit-platform-commons\1.7.1\junit-platform-commons-1.7.1.jar;C:\Users\Nuno Afonso\.m2\repository\org\junit\jupiter\junit-jupiter-api\5.7.1\junit-jupiter-api-5.7.1.jar;
2021-07-16 18:56:36,889 [myid:] - INFO  [main:Environment@98] - Client environment:java.library.path=C:\Program Files\AdoptOpenJDK\jdk-11.0.10.9-hotspot\bin;C:\WINDOWS\Sun\Java\bin;C:\WINDOWS\system32;C:\WINDOWS;C:\Program Files (x86)\Razer Chroma SDK\bin;C:\Program Files\Razer Chroma SDK\bin;C:\Program Files\AdoptOpenJDK\jdk-11.0.10.9-hotspot\bin;C:\Program Files (x86)\Razer\ChromaBroadcast\bin;C:\Program Files\Razer\ChromaBroadcast\bin;C:\Program Files (x86)\Common Files\Oracle\Java\javapath;C:\Windows\system32;C:\Windows;C:\Windows\System32\Wbem;C:\Windows\System32\WindowsPowerShell\v1.0\;C:\Windows\System32\OpenSSH\;C:\Program Files\Portugal Identity Card;C:\Program Files\NVIDIA Corporation\NVIDIA NvDLISR;C:\Program Files (x86)\NVIDIA Corporation\PhysX\Common;C:\WINDOWS\system32;C:\WINDOWS;C:\WINDOWS\System32\Wbem;C:\WINDOWS\System32\WindowsPowerShell\v1.0\;C:\WINDOWS\System32\OpenSSH\;C:\WINDOWS\system32\config\systemprofile\AppData\Local\Microsoft\WindowsApps;C:\Users\Nuno Afonso\AppData\Local\Programs\Python\Python38-32\Scripts\;C:\Users\Nuno Afonso\AppData\Local\Programs\Python\Python38-32\;C:\Users\Nuno Afonso\AppData\Local\Programs\Python\Launcher\;C:\Users\Nuno Afonso\AppData\Local\Microsoft\WindowsApps;C:\Users\Nuno Afonso\AppData\Local\Microsoft\WindowsApps;D:\VSCode\Microsoft VS Code\bin;C:\Users\Nuno Afonso\AppData\Roaming\npm;C:\Users\Nuno Afonso\Desktop\maven\apache-maven-3.6.3\bin;C:\Users\Nuno Afonso\AppData\Local\Programs\Python\Python38-32\Scripts\;C:\Users\Nuno Afonso\AppData\Local\Programs\Python\Python38-32\;C:\Users\Nuno Afonso\AppData\Local\Programs\Python\Launcher\;C:\Users\Nuno Afonso\AppData\Local\Microsoft\WindowsApps;C:\Users\Nuno Afonso\AppData\Local\Microsoft\WindowsApps;D:\VSCode\Microsoft VS Code\bin;C:\Users\Nuno Afonso\Desktop\maven\apache-maven-3.6.3\bin;;D:\IntelIJ\IntelliJ IDEA 2021.1.1\bin;;C:\Program Files\JetBrains\JetBrains Rider 2021.1.3\bin;;.
2021-07-16 18:56:36,889 [myid:] - INFO  [main:Environment@98] - Client environment:java.io.tmpdir=C:\Users\NUNOAF~1\AppData\Local\Temp\
2021-07-16 18:56:36,889 [myid:] - INFO  [main:Environment@98] - Client environment:java.compiler=<NA>
2021-07-16 18:56:36,889 [myid:] - INFO  [main:Environment@98] - Client environment:os.name=Windows 10
2021-07-16 18:56:36,889 [myid:] - INFO  [main:Environment@98] - Client environment:os.arch=amd64
2021-07-16 18:56:36,890 [myid:] - INFO  [main:Environment@98] - Client environment:os.version=10.0
2021-07-16 18:56:36,890 [myid:] - INFO  [main:Environment@98] - Client environment:user.name=NunoAfonso
2021-07-16 18:56:36,890 [myid:] - INFO  [main:Environment@98] - Client environment:user.home=C:\Users\Nuno Afonso
2021-07-16 18:56:36,890 [myid:] - INFO  [main:Environment@98] - Client environment:user.dir=C:\Users\Nuno Afonso\Desktop\claudia\SD-EE\projecto\zknaming
2021-07-16 18:56:36,890 [myid:] - INFO  [main:Environment@98] - Client environment:os.memory.free=232MB
2021-07-16 18:56:36,891 [myid:] - INFO  [main:Environment@98] - Client environment:os.memory.max=4082MB
2021-07-16 18:56:36,891 [myid:] - INFO  [main:Environment@98] - Client environment:os.memory.total=256MB
2021-07-16 18:56:36,896 [myid:] - INFO  [main:ZooKeeper@1006] - Initiating client connection, connectString=localhost:2181 sessionTimeout=5000 watcher=pt.ulisboa.tecnico.sdis.zk.ZKNaming$1@4dc27487
2021-07-16 18:56:36,903 [myid:] - INFO  [main:X509Util@77] - Setting -D jdk.tls.rejectClientInitiatedRenegotiation=true to disable client-initiated TLS renegotiation
2021-07-16 18:56:37,056 [myid:] - INFO  [main:ClientCnxnSocket@239] - jute.maxbuffer value is 1048575 Bytes
2021-07-16 18:56:37,064 [myid:] - INFO  [main:ClientCnxn@1716] - zookeeper.request.timeout value is 0. feature enabled=false
2021-07-16 18:56:37,076 [myid:localhost:2181] - INFO  [main-SendThread(localhost:2181):ClientCnxn$SendThread@1167] - Opening socket connection to server localhost/127.0.0.1:2181.
2021-07-16 18:56:37,077 [myid:localhost:2181] - INFO  [main-SendThread(localhost:2181):ClientCnxn$SendThread@1169] - SASL config status: Will not attempt to authenticate using SASL (unknown error)
2021-07-16 18:56:39,089 [myid:localhost:2181] - WARN  [main-SendThread(localhost:2181):ClientCnxn$SendThread@1285] - Session 0x0 for sever localhost/127.0.0.1:2181, Closing socket connection. Attempting reconnect except it is a SessionExpiredException.
java.net.ConnectException: Connection refused: no further information
	at java.base/sun.nio.ch.SocketChannelImpl.checkConnect(Native Method)
	at java.base/sun.nio.ch.SocketChannelImpl.finishConnect(SocketChannelImpl.java:779)
	at org.apache.zookeeper.ClientCnxnSocketNIO.doTransport(ClientCnxnSocketNIO.java:344)
	at org.apache.zookeeper.ClientCnxn$SendThread.run(ClientCnxn.java:1275)
2021-07-16 18:57:01,426 [myid:] - INFO  [main:Environment@98] - Client environment:zookeeper.version=3.6.2--803c7f1a12f85978cb049af5e4ef23bd8b688715, built on 09/04/2020 12:44 GMT
2021-07-16 18:57:01,439 [myid:] - INFO  [main:Environment@98] - Client environment:host.name=Nuno
2021-07-16 18:57:01,439 [myid:] - INFO  [main:Environment@98] - Client environment:java.version=11.0.10
2021-07-16 18:57:01,440 [myid:] - INFO  [main:Environment@98] - Client environment:java.vendor=AdoptOpenJDK
2021-07-16 18:57:01,440 [myid:] - INFO  [main:Environment@98] - Client environment:java.home=C:\Program Files\AdoptOpenJDK\jdk-11.0.10.9-hotspot
2021-07-16 18:57:01,440 [myid:] - INFO  [main:Environment@98] - Client environment:java.class.path=C:\Users\Nuno Afonso\Desktop\claudia\SD-EE\projecto\zknaming\target\test-classes;C:\Users\Nuno Afonso\.m2\repository\org\apache\zookeeper\zookeeper\3.6.2\zookeeper-3.6.2.jar;C:\Users\Nuno Afonso\.m2\repository\commons-lang\commons-lang\2.6\commons-lang-2.6.jar;C:\Users\Nuno Afonso\.m2\repository\org\apache\zookeeper\zookeeper-jute\3.6.2\zookeeper-jute-3.6.2.jar;C:\Users\Nuno Afonso\.m2\repository\org\apache\yetus\audience-annotations\0.5.0\audience-annotations-0.5.0.jar;C:\Users\Nuno Afonso\.m2\repository\io\netty\netty-handler\4.1.50.Final\netty-handler-4.1.50.Final.jar;C:\Users\Nuno Afonso\.m2\repository\io\netty\netty-common\4.1.50.Final\netty-common-4.1.50.Final.jar;C:\Users\Nuno Afonso\.m2\repository\io\netty\netty-resolver\4.1.50.Final\netty-resolver-4.1.50.Final.jar;C:\Users\Nuno Afonso\.m2\repository\io\netty\netty-buffer\4.1.50.Final\netty-buffer-4.1.50.Final.jar;C:\Users\Nuno Afonso\.m2\repository\io\netty\netty-transport\4.1.50.Final\netty-transport-4.1.50.Final.jar;C:\Users\Nuno Afonso\.m2\repository\io\netty\netty-codec\4.1.50.Final\netty-codec-4.1.50.Final.jar;C:\Users\Nuno Afonso\.m2\repository\io\netty\netty-transport-native-epoll\4.1.50.Final\netty-transport-native-epoll-4.1.50.Final.jar;C:\Users\Nuno Afonso\.m2\repository\io\netty\netty-transport-native-unix-common\4.1.50.Final\netty-transport-native-unix-common-4.1.50.Final.jar;C:\Users\Nuno Afonso\.m2\repository\org\slf4j\slf4j-api\1.7.25\slf4j-api-1.7.25.jar;C:\Users\Nuno Afonso\.m2\repository\org\slf4j\slf4j-log4j12\1.7.25\slf4j-log4j12-1.7.25.jar;C:\Users\Nuno Afonso\.m2\repository\log4j\log4j\1.2.17\log4j-1.2.17.jar;C:\Users\Nuno Afonso\.m2\repository\org\junit\jupiter\junit-jupiter-engine\5.7.1\junit-jupiter-engine-5.7.1.jar;C:\Users\Nuno Afonso\.m2\repository\org\apiguardian\apiguardian-api\1.1.0\apiguardian-api-1.1.0.jar;C:\Users\Nuno Afonso\.m2\repository\org\junit\platform\junit-platform-engine\1.7.1\junit-platform-engine-1.7.1.jar;C:\Users\Nuno Afonso\.m2\repository\org\opentest4j\opentest4j\1.2.0\opentest4j-1.2.0.jar;C:\Users\Nuno Afonso\.m2\repository\org\junit\platform\junit-platform-commons\1.7.1\junit-platform-commons-1.7.1.jar;C:\Users\Nuno Afonso\.m2\repository\org\junit\jupiter\junit-jupiter-api\5.7.1\junit-jupiter-api-5.7.1.jar;
2021-07-16 18:57:01,440 [myid:] - INFO  [main:Environment@98] - Client environment:java.library.path=C:\Program Files\AdoptOpenJDK\jdk-11.0.10.9-hotspot\bin;C:\WINDOWS\Sun\Java\bin;C:\WINDOWS\system32;C:\WINDOWS;C:\Program Files (x86)\Razer Chroma SDK\bin;C:\Program Files\Razer Chroma SDK\bin;C:\Program Files\AdoptOpenJDK\jdk-11.0.10.9-hotspot\bin;C:\Program Files (x86)\Razer\ChromaBroadcast\bin;C:\Program Files\Razer\ChromaBroadcast\bin;C:\Program Files (x86)\Common Files\Oracle\Java\javapath;C:\Windows\system32;C:\Windows;C:\Windows\System32\Wbem;C:\Windows\System32\WindowsPowerShell\v1.0\;C:\Windows\System32\OpenSSH\;C:\Program Files\Portugal Identity Card;C:\Program Files\NVIDIA Corporation\NVIDIA NvDLISR;C:\Program Files (x86)\NVIDIA Corporation\PhysX\Common;C:\WINDOWS\system32;C:\WINDOWS;C:\WINDOWS\System32\Wbem;C:\WINDOWS\System32\WindowsPowerShell\v1.0\;C:\WINDOWS\System32\OpenSSH\;C:\WINDOWS\system32\config\systemprofile\AppData\Local\Microsoft\WindowsApps;C:\Users\Nuno Afonso\AppData\Local\Programs\Python\Python38-32\Scripts\;C:\Users\Nuno Afonso\AppData\Local\Programs\Python\Python38-32\;C:\Users\Nuno Afonso\AppData\Local\Programs\Python\Launcher\;C:\Users\Nuno Afonso\AppData\Local\Microsoft\WindowsApps;C:\Users\Nuno Afonso\AppData\Local\Microsoft\WindowsApps;D:\VSCode\Microsoft VS Code\bin;C:\Users\Nuno Afonso\AppData\Roaming\npm;C:\Users\Nuno Afonso\Desktop\maven\apache-maven-3.6.3\bin;C:\Users\Nuno Afonso\AppData\Local\Programs\Python\Python38-32\Scripts\;C:\Users\Nuno Afonso\AppData\Local\Programs\Python\Python38-32\;C:\Users\Nuno Afonso\AppData\Local\Programs\Python\Launcher\;C:\Users\Nuno Afonso\AppData\Local\Microsoft\WindowsApps;C:\Users\Nuno Afonso\AppData\Local\Microsoft\WindowsApps;D:\VSCode\Microsoft VS Code\bin;C:\Users\Nuno Afonso\Desktop\maven\apache-maven-3.6.3\bin;;D:\IntelIJ\IntelliJ IDEA 2021.1.1\bin;;C:\Program Files\JetBrains\JetBrains Rider 2021.1.3\bin;;.
2021-07-16 18:57:01,440 [myid:] - INFO  [main:Environment@98] - Client environment:java.io.tmpdir=C:\Users\NUNOAF~1\AppData\Local\Temp\
2021-07-16 18:57:01,440 [myid:] - INFO  [main:Environment@98] - Client environment:java.compiler=<NA>
2021-07-16 18:57:01,440 [myid:] - INFO  [main:Environment@98] - Client environment:os.name=Windows 10
2021-07-16 18:57:01,441 [myid:] - INFO  [main:Environment@98] - Client environment:os.arch=amd64
2021-07-16 18:57:01,441 [myid:] - INFO  [main:Environment@98] - Client environment:os.version=10.0
2021-07-16 18:57:01,441 [myid:] - INFO  [main:Environment@98] - Client environment:user.name=NunoAfonso
2021-07-16 18:57:01,441 [myid:] - INFO  [main:Environment@98] - Client environment:user.home=C:\Users\Nuno Afonso
2021-07-16 18:57:01,441 [myid:] - INFO  [main:Environment@98] - Client environment:user.dir=C:\Users\Nuno Afonso\Desktop\claudia\SD-EE\projecto\zknaming
2021-07-16 18:57:01,441 [myid:] - INFO  [main:Environment@98] - Client environment:os.memory.free=232MB
2021-07-16 18:57:01,442 [myid:] - INFO  [main:Environment@98] - Client environment:os.memory.max=4082MB
2021-07-16 18:57:01,442 [myid:] - INFO  [main:Environment@98] - Client environment:os.memory.total=256MB
2021-07-16 18:57:01,445 [myid:] - INFO  [main:ZooKeeper@1006] - Initiating client connection, connectString=localhost:2181 sessionTimeout=5000 watcher=pt.ulisboa.tecnico.sdis.zk.ZKNaming$1@4dc27487
2021-07-16 18:57:01,451 [myid:] - INFO  [main:X509Util@77] - Setting -D jdk.tls.rejectClientInitiatedRenegotiation=true to disable client-initiated TLS renegotiation
2021-07-16 18:57:01,645 [myid:] - INFO  [main:ClientCnxnSocket@239] - jute.maxbuffer value is 1048575 Bytes
2021-07-16 18:57:01,654 [myid:] - INFO  [main:ClientCnxn@1716] - zookeeper.request.timeout value is 0. feature enabled=false
2021-07-16 18:57:01,670 [myid:localhost:2181] - INFO  [main-SendThread(localhost:2181):ClientCnxn$SendThread@1167] - Opening socket connection to server localhost/127.0.0.1:2181.
2021-07-16 18:57:01,671 [myid:localhost:2181] - INFO  [main-SendThread(localhost:2181):ClientCnxn$SendThread@1169] - SASL config status: Will not attempt to authenticate using SASL (unknown error)
2021-07-16 18:57:03,676 [myid:localhost:2181] - WARN  [main-SendThread(localhost:2181):ClientCnxn$SendThread@1285] - Session 0x0 for sever localhost/127.0.0.1:2181, Closing socket connection. Attempting reconnect except it is a SessionExpiredException.
java.net.ConnectException: Connection refused: no further information
	at java.base/sun.nio.ch.SocketChannelImpl.checkConnect(Native Method)
	at java.base/sun.nio.ch.SocketChannelImpl.finishConnect(SocketChannelImpl.java:779)
	at org.apache.zookeeper.ClientCnxnSocketNIO.doTransport(ClientCnxnSocketNIO.java:344)
	at org.apache.zookeeper.ClientCnxn$SendThread.run(ClientCnxn.java:1275)
2021-07-16 18:57:04,780 [myid:localhost:2181] - INFO  [main-SendThread(localhost:2181):ClientCnxn$SendThread@1167] - Opening socket connection to server localhost/127.0.0.1:2181.
2021-07-16 18:57:04,780 [myid:localhost:2181] - INFO  [main-SendThread(localhost:2181):ClientCnxn$SendThread@1169] - SASL config status: Will not attempt to authenticate using SASL (unknown error)
2021-07-16 18:57:06,783 [myid:localhost:2181] - WARN  [main-SendThread(localhost:2181):ClientCnxn$SendThread@1285] - Session 0x0 for sever localhost/127.0.0.1:2181, Closing socket connection. Attempting reconnect except it is a SessionExpiredException.
java.net.ConnectException: Connection refused: no further information
	at java.base/sun.nio.ch.SocketChannelImpl.checkConnect(Native Method)
	at java.base/sun.nio.ch.SocketChannelImpl.finishConnect(SocketChannelImpl.java:779)
	at org.apache.zookeeper.ClientCnxnSocketNIO.doTransport(ClientCnxnSocketNIO.java:344)
	at org.apache.zookeeper.ClientCnxn$SendThread.run(ClientCnxn.java:1275)
2021-07-16 18:57:07,885 [myid:localhost:2181] - INFO  [main-SendThread(localhost:2181):ClientCnxn$SendThread@1167] - Opening socket connection to server localhost/0:0:0:0:0:0:0:1:2181.
2021-07-16 18:57:07,885 [myid:localhost:2181] - INFO  [main-SendThread(localhost:2181):ClientCnxn$SendThread@1169] - SASL config status: Will not attempt to authenticate using SASL (unknown error)
2021-07-16 18:57:09,888 [myid:localhost:2181] - WARN  [main-SendThread(localhost:2181):ClientCnxn$SendThread@1285] - Session 0x0 for sever localhost/0:0:0:0:0:0:0:1:2181, Closing socket connection. Attempting reconnect except it is a SessionExpiredException.
java.net.ConnectException: Connection refused: no further information
	at java.base/sun.nio.ch.SocketChannelImpl.checkConnect(Native Method)
	at java.base/sun.nio.ch.SocketChannelImpl.finishConnect(SocketChannelImpl.java:779)
	at org.apache.zookeeper.ClientCnxnSocketNIO.doTransport(ClientCnxnSocketNIO.java:344)
	at org.apache.zookeeper.ClientCnxn$SendThread.run(ClientCnxn.java:1275)
2021-07-16 18:57:10,989 [myid:localhost:2181] - INFO  [main-SendThread(localhost:2181):ClientCnxn$SendThread@1167] - Opening socket connection to server localhost/127.0.0.1:2181.
2021-07-16 18:57:10,989 [myid:localhost:2181] - INFO  [main-SendThread(localhost:2181):ClientCnxn$SendThread@1169] - SASL config status: Will not attempt to authenticate using SASL (unknown error)
2021-07-19 09:00:01,539 [myid:] - INFO  [main:Environment@98] - Client environment:zookeeper.version=3.6.2--803c7f1a12f85978cb049af5e4ef23bd8b688715, built on 09/04/2020 12:44 GMT
2021-07-19 09:00:01,560 [myid:] - INFO  [main:Environment@98] - Client environment:host.name=Nuno
2021-07-19 09:00:01,560 [myid:] - INFO  [main:Environment@98] - Client environment:java.version=11.0.10
2021-07-19 09:00:01,560 [myid:] - INFO  [main:Environment@98] - Client environment:java.vendor=AdoptOpenJDK
2021-07-19 09:00:01,560 [myid:] - INFO  [main:Environment@98] - Client environment:java.home=C:\Program Files\AdoptOpenJDK\jdk-11.0.10.9-hotspot
2021-07-19 09:00:01,560 [myid:] - INFO  [main:Environment@98] - Client environment:java.class.path=C:\Users\Nuno Afonso\Desktop\claudia\SD-EE\projecto\zknaming\target\test-classes;C:\Users\Nuno Afonso\.m2\repository\org\apache\zookeeper\zookeeper\3.6.2\zookeeper-3.6.2.jar;C:\Users\Nuno Afonso\.m2\repository\commons-lang\commons-lang\2.6\commons-lang-2.6.jar;C:\Users\Nuno Afonso\.m2\repository\org\apache\zookeeper\zookeeper-jute\3.6.2\zookeeper-jute-3.6.2.jar;C:\Users\Nuno Afonso\.m2\repository\org\apache\yetus\audience-annotations\0.5.0\audience-annotations-0.5.0.jar;C:\Users\Nuno Afonso\.m2\repository\io\netty\netty-handler\4.1.50.Final\netty-handler-4.1.50.Final.jar;C:\Users\Nuno Afonso\.m2\repository\io\netty\netty-common\4.1.50.Final\netty-common-4.1.50.Final.jar;C:\Users\Nuno Afonso\.m2\repository\io\netty\netty-resolver\4.1.50.Final\netty-resolver-4.1.50.Final.jar;C:\Users\Nuno Afonso\.m2\repository\io\netty\netty-buffer\4.1.50.Final\netty-buffer-4.1.50.Final.jar;C:\Users\Nuno Afonso\.m2\repository\io\netty\netty-transport\4.1.50.Final\netty-transport-4.1.50.Final.jar;C:\Users\Nuno Afonso\.m2\repository\io\netty\netty-codec\4.1.50.Final\netty-codec-4.1.50.Final.jar;C:\Users\Nuno Afonso\.m2\repository\io\netty\netty-transport-native-epoll\4.1.50.Final\netty-transport-native-epoll-4.1.50.Final.jar;C:\Users\Nuno Afonso\.m2\repository\io\netty\netty-transport-native-unix-common\4.1.50.Final\netty-transport-native-unix-common-4.1.50.Final.jar;C:\Users\Nuno Afonso\.m2\repository\org\slf4j\slf4j-api\1.7.25\slf4j-api-1.7.25.jar;C:\Users\Nuno Afonso\.m2\repository\org\slf4j\slf4j-log4j12\1.7.25\slf4j-log4j12-1.7.25.jar;C:\Users\Nuno Afonso\.m2\repository\log4j\log4j\1.2.17\log4j-1.2.17.jar;C:\Users\Nuno Afonso\.m2\repository\org\junit\jupiter\junit-jupiter-engine\5.7.1\junit-jupiter-engine-5.7.1.jar;C:\Users\Nuno Afonso\.m2\repository\org\apiguardian\apiguardian-api\1.1.0\apiguardian-api-1.1.0.jar;C:\Users\Nuno Afonso\.m2\repository\org\junit\platform\junit-platform-engine\1.7.1\junit-platform-engine-1.7.1.jar;C:\Users\Nuno Afonso\.m2\repository\org\opentest4j\opentest4j\1.2.0\opentest4j-1.2.0.jar;C:\Users\Nuno Afonso\.m2\repository\org\junit\platform\junit-platform-commons\1.7.1\junit-platform-commons-1.7.1.jar;C:\Users\Nuno Afonso\.m2\repository\org\junit\jupiter\junit-jupiter-api\5.7.1\junit-jupiter-api-5.7.1.jar;
2021-07-19 09:00:01,561 [myid:] - INFO  [main:Environment@98] - Client environment:java.library.path=C:\Program Files\AdoptOpenJDK\jdk-11.0.10.9-hotspot\bin;C:\WINDOWS\Sun\Java\bin;C:\WINDOWS\system32;C:\WINDOWS;C:\Program Files (x86)\Razer Chroma SDK\bin;C:\Program Files\Razer Chroma SDK\bin;C:\Program Files\AdoptOpenJDK\jdk-11.0.10.9-hotspot\bin;C:\Program Files (x86)\Razer\ChromaBroadcast\bin;C:\Program Files\Razer\ChromaBroadcast\bin;C:\Program Files (x86)\Common Files\Oracle\Java\javapath;C:\Windows\system32;C:\Windows;C:\Windows\System32\Wbem;C:\Windows\System32\WindowsPowerShell\v1.0\;C:\Windows\System32\OpenSSH\;C:\Program Files\Portugal Identity Card;C:\Program Files\NVIDIA Corporation\NVIDIA NvDLISR;C:\Program Files (x86)\NVIDIA Corporation\PhysX\Common;C:\WINDOWS\system32;C:\WINDOWS;C:\WINDOWS\System32\Wbem;C:\WINDOWS\System32\WindowsPowerShell\v1.0\;C:\WINDOWS\System32\OpenSSH\;C:\WINDOWS\system32\config\systemprofile\AppData\Local\Microsoft\WindowsApps;C:\Users\Nuno Afonso\AppData\Local\Programs\Python\Python38-32\Scripts\;C:\Users\Nuno Afonso\AppData\Local\Programs\Python\Python38-32\;C:\Users\Nuno Afonso\AppData\Local\Programs\Python\Launcher\;C:\Users\Nuno Afonso\AppData\Local\Microsoft\WindowsApps;C:\Users\Nuno Afonso\AppData\Local\Microsoft\WindowsApps;D:\VSCode\Microsoft VS Code\bin;C:\Users\Nuno Afonso\AppData\Roaming\npm;C:\Users\Nuno Afonso\Desktop\maven\apache-maven-3.6.3\bin;C:\Users\Nuno Afonso\AppData\Local\Programs\Python\Python38-32\Scripts\;C:\Users\Nuno Afonso\AppData\Local\Programs\Python\Python38-32\;C:\Users\Nuno Afonso\AppData\Local\Programs\Python\Launcher\;C:\Users\Nuno Afonso\AppData\Local\Microsoft\WindowsApps;C:\Users\Nuno Afonso\AppData\Local\Microsoft\WindowsApps;D:\VSCode\Microsoft VS Code\bin;C:\Users\Nuno Afonso\Desktop\maven\apache-maven-3.6.3\bin;;D:\IntelIJ\IntelliJ IDEA 2021.1.1\bin;;C:\Program Files\JetBrains\JetBrains Rider 2021.1.3\bin;;.
2021-07-19 09:00:01,561 [myid:] - INFO  [main:Environment@98] - Client environment:java.io.tmpdir=C:\Users\NUNOAF~1\AppData\Local\Temp\
2021-07-19 09:00:01,561 [myid:] - INFO  [main:Environment@98] - Client environment:java.compiler=<NA>
2021-07-19 09:00:01,561 [myid:] - INFO  [main:Environment@98] - Client environment:os.name=Windows 10
2021-07-19 09:00:01,561 [myid:] - INFO  [main:Environment@98] - Client environment:os.arch=amd64
2021-07-19 09:00:01,561 [myid:] - INFO  [main:Environment@98] - Client environment:os.version=10.0
2021-07-19 09:00:01,561 [myid:] - INFO  [main:Environment@98] - Client environment:user.name=NunoAfonso
2021-07-19 09:00:01,561 [myid:] - INFO  [main:Environment@98] - Client environment:user.home=C:\Users\Nuno Afonso
2021-07-19 09:00:01,561 [myid:] - INFO  [main:Environment@98] - Client environment:user.dir=C:\Users\Nuno Afonso\Desktop\claudia\SD-EE\projecto\zknaming
2021-07-19 09:00:01,562 [myid:] - INFO  [main:Environment@98] - Client environment:os.memory.free=232MB
2021-07-19 09:00:01,562 [myid:] - INFO  [main:Environment@98] - Client environment:os.memory.max=4082MB
2021-07-19 09:00:01,562 [myid:] - INFO  [main:Environment@98] - Client environment:os.memory.total=256MB
2021-07-19 09:00:01,567 [myid:] - INFO  [main:ZooKeeper@1006] - Initiating client connection, connectString=localhost:2181 sessionTimeout=5000 watcher=pt.ulisboa.tecnico.sdis.zk.ZKNaming$1@4dc27487
2021-07-19 09:00:01,573 [myid:] - INFO  [main:X509Util@77] - Setting -D jdk.tls.rejectClientInitiatedRenegotiation=true to disable client-initiated TLS renegotiation
2021-07-19 09:00:01,696 [myid:] - INFO  [main:ClientCnxnSocket@239] - jute.maxbuffer value is 1048575 Bytes
2021-07-19 09:00:01,704 [myid:] - INFO  [main:ClientCnxn@1716] - zookeeper.request.timeout value is 0. feature enabled=false
2021-07-19 09:00:01,714 [myid:localhost:2181] - INFO  [main-SendThread(localhost:2181):ClientCnxn$SendThread@1167] - Opening socket connection to server localhost/0:0:0:0:0:0:0:1:2181.
2021-07-19 09:00:01,715 [myid:localhost:2181] - INFO  [main-SendThread(localhost:2181):ClientCnxn$SendThread@1169] - SASL config status: Will not attempt to authenticate using SASL (unknown error)
2021-07-19 09:00:03,725 [myid:localhost:2181] - WARN  [main-SendThread(localhost:2181):ClientCnxn$SendThread@1285] - Session 0x0 for sever localhost/0:0:0:0:0:0:0:1:2181, Closing socket connection. Attempting reconnect except it is a SessionExpiredException.
java.net.ConnectException: Connection refused: no further information
	at java.base/sun.nio.ch.SocketChannelImpl.checkConnect(Native Method)
	at java.base/sun.nio.ch.SocketChannelImpl.finishConnect(SocketChannelImpl.java:779)
	at org.apache.zookeeper.ClientCnxnSocketNIO.doTransport(ClientCnxnSocketNIO.java:344)
	at org.apache.zookeeper.ClientCnxn$SendThread.run(ClientCnxn.java:1275)
2021-07-19 09:00:04,832 [myid:localhost:2181] - INFO  [main-SendThread(localhost:2181):ClientCnxn$SendThread@1167] - Opening socket connection to server localhost/0:0:0:0:0:0:0:1:2181.
2021-07-19 09:00:04,833 [myid:localhost:2181] - INFO  [main-SendThread(localhost:2181):ClientCnxn$SendThread@1169] - SASL config status: Will not attempt to authenticate using SASL (unknown error)
2021-07-19 09:00:06,837 [myid:localhost:2181] - WARN  [main-SendThread(localhost:2181):ClientCnxn$SendThread@1285] - Session 0x0 for sever localhost/0:0:0:0:0:0:0:1:2181, Closing socket connection. Attempting reconnect except it is a SessionExpiredException.
java.net.ConnectException: Connection refused: no further information
	at java.base/sun.nio.ch.SocketChannelImpl.checkConnect(Native Method)
	at java.base/sun.nio.ch.SocketChannelImpl.finishConnect(SocketChannelImpl.java:779)
	at org.apache.zookeeper.ClientCnxnSocketNIO.doTransport(ClientCnxnSocketNIO.java:344)
	at org.apache.zookeeper.ClientCnxn$SendThread.run(ClientCnxn.java:1275)
2021-07-19 09:00:07,938 [myid:localhost:2181] - INFO  [main-SendThread(localhost:2181):ClientCnxn$SendThread@1167] - Opening socket connection to server localhost/127.0.0.1:2181.
2021-07-19 09:00:07,938 [myid:localhost:2181] - INFO  [main-SendThread(localhost:2181):ClientCnxn$SendThread@1169] - SASL config status: Will not attempt to authenticate using SASL (unknown error)
2021-07-19 09:00:09,941 [myid:localhost:2181] - WARN  [main-SendThread(localhost:2181):ClientCnxn$SendThread@1285] - Session 0x0 for sever localhost/127.0.0.1:2181, Closing socket connection. Attempting reconnect except it is a SessionExpiredException.
java.net.ConnectException: Connection refused: no further information
	at java.base/sun.nio.ch.SocketChannelImpl.checkConnect(Native Method)
	at java.base/sun.nio.ch.SocketChannelImpl.finishConnect(SocketChannelImpl.java:779)
	at org.apache.zookeeper.ClientCnxnSocketNIO.doTransport(ClientCnxnSocketNIO.java:344)
	at org.apache.zookeeper.ClientCnxn$SendThread.run(ClientCnxn.java:1275)
2021-07-19 09:29:47,225 [myid:] - INFO  [main:Environment@98] - Client environment:zookeeper.version=3.6.2--803c7f1a12f85978cb049af5e4ef23bd8b688715, built on 09/04/2020 12:44 GMT
2021-07-19 09:29:47,234 [myid:] - INFO  [main:Environment@98] - Client environment:host.name=Nuno
2021-07-19 09:29:47,234 [myid:] - INFO  [main:Environment@98] - Client environment:java.version=11.0.10
2021-07-19 09:29:47,234 [myid:] - INFO  [main:Environment@98] - Client environment:java.vendor=AdoptOpenJDK
2021-07-19 09:29:47,234 [myid:] - INFO  [main:Environment@98] - Client environment:java.home=C:\Program Files\AdoptOpenJDK\jdk-11.0.10.9-hotspot
2021-07-19 09:29:47,234 [myid:] - INFO  [main:Environment@98] - Client environment:java.class.path=C:\Users\Nuno Afonso\Desktop\claudia\SD-EE\projecto\zknaming\target\test-classes;C:\Users\Nuno Afonso\.m2\repository\org\apache\zookeeper\zookeeper\3.6.2\zookeeper-3.6.2.jar;C:\Users\Nuno Afonso\.m2\repository\commons-lang\commons-lang\2.6\commons-lang-2.6.jar;C:\Users\Nuno Afonso\.m2\repository\org\apache\zookeeper\zookeeper-jute\3.6.2\zookeeper-jute-3.6.2.jar;C:\Users\Nuno Afonso\.m2\repository\org\apache\yetus\audience-annotations\0.5.0\audience-annotations-0.5.0.jar;C:\Users\Nuno Afonso\.m2\repository\io\netty\netty-handler\4.1.50.Final\netty-handler-4.1.50.Final.jar;C:\Users\Nuno Afonso\.m2\repository\io\netty\netty-common\4.1.50.Final\netty-common-4.1.50.Final.jar;C:\Users\Nuno Afonso\.m2\repository\io\netty\netty-resolver\4.1.50.Final\netty-resolver-4.1.50.Final.jar;C:\Users\Nuno Afonso\.m2\repository\io\netty\netty-buffer\4.1.50.Final\netty-buffer-4.1.50.Final.jar;C:\Users\Nuno Afonso\.m2\repository\io\netty\netty-transport\4.1.50.Final\netty-transport-4.1.50.Final.jar;C:\Users\Nuno Afonso\.m2\repository\io\netty\netty-codec\4.1.50.Final\netty-codec-4.1.50.Final.jar;C:\Users\Nuno Afonso\.m2\repository\io\netty\netty-transport-native-epoll\4.1.50.Final\netty-transport-native-epoll-4.1.50.Final.jar;C:\Users\Nuno Afonso\.m2\repository\io\netty\netty-transport-native-unix-common\4.1.50.Final\netty-transport-native-unix-common-4.1.50.Final.jar;C:\Users\Nuno Afonso\.m2\repository\org\slf4j\slf4j-api\1.7.25\slf4j-api-1.7.25.jar;C:\Users\Nuno Afonso\.m2\repository\org\slf4j\slf4j-log4j12\1.7.25\slf4j-log4j12-1.7.25.jar;C:\Users\Nuno Afonso\.m2\repository\log4j\log4j\1.2.17\log4j-1.2.17.jar;C:\Users\Nuno Afonso\.m2\repository\org\junit\jupiter\junit-jupiter-engine\5.7.1\junit-jupiter-engine-5.7.1.jar;C:\Users\Nuno Afonso\.m2\repository\org\apiguardian\apiguardian-api\1.1.0\apiguardian-api-1.1.0.jar;C:\Users\Nuno Afonso\.m2\repository\org\junit\platform\junit-platform-engine\1.7.1\junit-platform-engine-1.7.1.jar;C:\Users\Nuno Afonso\.m2\repository\org\opentest4j\opentest4j\1.2.0\opentest4j-1.2.0.jar;C:\Users\Nuno Afonso\.m2\repository\org\junit\platform\junit-platform-commons\1.7.1\junit-platform-commons-1.7.1.jar;C:\Users\Nuno Afonso\.m2\repository\org\junit\jupiter\junit-jupiter-api\5.7.1\junit-jupiter-api-5.7.1.jar;
2021-07-19 09:29:47,234 [myid:] - INFO  [main:Environment@98] - Client environment:java.library.path=C:\Program Files\AdoptOpenJDK\jdk-11.0.10.9-hotspot\bin;C:\WINDOWS\Sun\Java\bin;C:\WINDOWS\system32;C:\WINDOWS;C:\Program Files (x86)\Razer Chroma SDK\bin;C:\Program Files\Razer Chroma SDK\bin;C:\Program Files\AdoptOpenJDK\jdk-11.0.10.9-hotspot\bin;C:\Program Files (x86)\Razer\ChromaBroadcast\bin;C:\Program Files\Razer\ChromaBroadcast\bin;C:\Program Files (x86)\Common Files\Oracle\Java\javapath;C:\Windows\system32;C:\Windows;C:\Windows\System32\Wbem;C:\Windows\System32\WindowsPowerShell\v1.0\;C:\Windows\System32\OpenSSH\;C:\Program Files\Portugal Identity Card;C:\Program Files\NVIDIA Corporation\NVIDIA NvDLISR;C:\Program Files (x86)\NVIDIA Corporation\PhysX\Common;C:\WINDOWS\system32;C:\WINDOWS;C:\WINDOWS\System32\Wbem;C:\WINDOWS\System32\WindowsPowerShell\v1.0\;C:\WINDOWS\System32\OpenSSH\;C:\WINDOWS\system32\config\systemprofile\AppData\Local\Microsoft\WindowsApps;C:\Users\Nuno Afonso\AppData\Local\Programs\Python\Python38-32\Scripts\;C:\Users\Nuno Afonso\AppData\Local\Programs\Python\Python38-32\;C:\Users\Nuno Afonso\AppData\Local\Programs\Python\Launcher\;C:\Users\Nuno Afonso\AppData\Local\Microsoft\WindowsApps;C:\Users\Nuno Afonso\AppData\Local\Microsoft\WindowsApps;D:\VSCode\Microsoft VS Code\bin;C:\Users\Nuno Afonso\AppData\Roaming\npm;C:\Users\Nuno Afonso\Desktop\maven\apache-maven-3.6.3\bin;C:\Users\Nuno Afonso\AppData\Local\Programs\Python\Python38-32\Scripts\;C:\Users\Nuno Afonso\AppData\Local\Programs\Python\Python38-32\;C:\Users\Nuno Afonso\AppData\Local\Programs\Python\Launcher\;C:\Users\Nuno Afonso\AppData\Local\Microsoft\WindowsApps;C:\Users\Nuno Afonso\AppData\Local\Microsoft\WindowsApps;D:\VSCode\Microsoft VS Code\bin;C:\Users\Nuno Afonso\Desktop\maven\apache-maven-3.6.3\bin;;D:\IntelIJ\IntelliJ IDEA 2021.1.1\bin;;C:\Program Files\JetBrains\JetBrains Rider 2021.1.3\bin;;.
2021-07-19 09:29:47,235 [myid:] - INFO  [main:Environment@98] - Client environment:java.io.tmpdir=C:\Users\NUNOAF~1\AppData\Local\Temp\
2021-07-19 09:29:47,235 [myid:] - INFO  [main:Environment@98] - Client environment:java.compiler=<NA>
2021-07-19 09:29:47,235 [myid:] - INFO  [main:Environment@98] - Client environment:os.name=Windows 10
2021-07-19 09:29:47,235 [myid:] - INFO  [main:Environment@98] - Client environment:os.arch=amd64
2021-07-19 09:29:47,235 [myid:] - INFO  [main:Environment@98] - Client environment:os.version=10.0
2021-07-19 09:29:47,236 [myid:] - INFO  [main:Environment@98] - Client environment:user.name=NunoAfonso
2021-07-19 09:29:47,236 [myid:] - INFO  [main:Environment@98] - Client environment:user.home=C:\Users\Nuno Afonso
2021-07-19 09:29:47,236 [myid:] - INFO  [main:Environment@98] - Client environment:user.dir=C:\Users\Nuno Afonso\Desktop\claudia\SD-EE\projecto\zknaming
2021-07-19 09:29:47,236 [myid:] - INFO  [main:Environment@98] - Client environment:os.memory.free=251MB
2021-07-19 09:29:47,236 [myid:] - INFO  [main:Environment@98] - Client environment:os.memory.max=4082MB
2021-07-19 09:29:47,237 [myid:] - INFO  [main:Environment@98] - Client environment:os.memory.total=256MB
2021-07-19 09:29:47,239 [myid:] - INFO  [main:ZooKeeper@1006] - Initiating client connection, connectString=localhost:2181 sessionTimeout=5000 watcher=pt.ulisboa.tecnico.sdis.zk.ZKNaming$1@4dc27487
2021-07-19 09:29:47,242 [myid:] - INFO  [main:X509Util@77] - Setting -D jdk.tls.rejectClientInitiatedRenegotiation=true to disable client-initiated TLS renegotiation
2021-07-19 09:29:47,350 [myid:] - INFO  [main:ClientCnxnSocket@239] - jute.maxbuffer value is 1048575 Bytes
2021-07-19 09:29:47,355 [myid:] - INFO  [main:ClientCnxn@1716] - zookeeper.request.timeout value is 0. feature enabled=false
2021-07-19 09:29:47,364 [myid:localhost:2181] - INFO  [main-SendThread(localhost:2181):ClientCnxn$SendThread@1167] - Opening socket connection to server localhost/0:0:0:0:0:0:0:1:2181.
2021-07-19 09:29:47,364 [myid:localhost:2181] - INFO  [main-SendThread(localhost:2181):ClientCnxn$SendThread@1169] - SASL config status: Will not attempt to authenticate using SASL (unknown error)
2021-07-19 09:29:49,369 [myid:localhost:2181] - WARN  [main-SendThread(localhost:2181):ClientCnxn$SendThread@1285] - Session 0x0 for sever localhost/0:0:0:0:0:0:0:1:2181, Closing socket connection. Attempting reconnect except it is a SessionExpiredException.
java.net.ConnectException: Connection refused: no further information
	at java.base/sun.nio.ch.SocketChannelImpl.checkConnect(Native Method)
	at java.base/sun.nio.ch.SocketChannelImpl.finishConnect(SocketChannelImpl.java:779)
	at org.apache.zookeeper.ClientCnxnSocketNIO.doTransport(ClientCnxnSocketNIO.java:344)
	at org.apache.zookeeper.ClientCnxn$SendThread.run(ClientCnxn.java:1275)
2021-07-19 09:29:50,473 [myid:localhost:2181] - INFO  [main-SendThread(localhost:2181):ClientCnxn$SendThread@1167] - Opening socket connection to server localhost/0:0:0:0:0:0:0:1:2181.
2021-07-19 09:29:50,473 [myid:localhost:2181] - INFO  [main-SendThread(localhost:2181):ClientCnxn$SendThread@1169] - SASL config status: Will not attempt to authenticate using SASL (unknown error)
2021-07-19 09:29:52,477 [myid:localhost:2181] - WARN  [main-SendThread(localhost:2181):ClientCnxn$SendThread@1285] - Session 0x0 for sever localhost/0:0:0:0:0:0:0:1:2181, Closing socket connection. Attempting reconnect except it is a SessionExpiredException.
java.net.ConnectException: Connection refused: no further information
	at java.base/sun.nio.ch.SocketChannelImpl.checkConnect(Native Method)
	at java.base/sun.nio.ch.SocketChannelImpl.finishConnect(SocketChannelImpl.java:779)
	at org.apache.zookeeper.ClientCnxnSocketNIO.doTransport(ClientCnxnSocketNIO.java:344)
	at org.apache.zookeeper.ClientCnxn$SendThread.run(ClientCnxn.java:1275)
2021-07-19 09:29:53,577 [myid:localhost:2181] - INFO  [main-SendThread(localhost:2181):ClientCnxn$SendThread@1167] - Opening socket connection to server localhost/127.0.0.1:2181.
2021-07-19 09:29:53,577 [myid:localhost:2181] - INFO  [main-SendThread(localhost:2181):ClientCnxn$SendThread@1169] - SASL config status: Will not attempt to authenticate using SASL (unknown error)
2021-07-19 09:29:55,581 [myid:localhost:2181] - WARN  [main-SendThread(localhost:2181):ClientCnxn$SendThread@1285] - Session 0x0 for sever localhost/127.0.0.1:2181, Closing socket connection. Attempting reconnect except it is a SessionExpiredException.
java.net.ConnectException: Connection refused: no further information
	at java.base/sun.nio.ch.SocketChannelImpl.checkConnect(Native Method)
	at java.base/sun.nio.ch.SocketChannelImpl.finishConnect(SocketChannelImpl.java:779)
	at org.apache.zookeeper.ClientCnxnSocketNIO.doTransport(ClientCnxnSocketNIO.java:344)
	at org.apache.zookeeper.ClientCnxn$SendThread.run(ClientCnxn.java:1275)
2021-07-19 09:29:56,682 [myid:localhost:2181] - INFO  [main-SendThread(localhost:2181):ClientCnxn$SendThread@1167] - Opening socket connection to server localhost/0:0:0:0:0:0:0:1:2181.
2021-07-19 09:29:56,682 [myid:localhost:2181] - INFO  [main-SendThread(localhost:2181):ClientCnxn$SendThread@1169] - SASL config status: Will not attempt to authenticate using SASL (unknown error)
2021-07-19 09:29:58,684 [myid:localhost:2181] - WARN  [main-SendThread(localhost:2181):ClientCnxn$SendThread@1285] - Session 0x0 for sever localhost/0:0:0:0:0:0:0:1:2181, Closing socket connection. Attempting reconnect except it is a SessionExpiredException.
java.net.ConnectException: Connection refused: no further information
	at java.base/sun.nio.ch.SocketChannelImpl.checkConnect(Native Method)
	at java.base/sun.nio.ch.SocketChannelImpl.finishConnect(SocketChannelImpl.java:779)
	at org.apache.zookeeper.ClientCnxnSocketNIO.doTransport(ClientCnxnSocketNIO.java:344)
	at org.apache.zookeeper.ClientCnxn$SendThread.run(ClientCnxn.java:1275)
2021-07-19 09:29:59,786 [myid:localhost:2181] - INFO  [main-SendThread(localhost:2181):ClientCnxn$SendThread@1167] - Opening socket connection to server localhost/0:0:0:0:0:0:0:1:2181.
2021-07-19 09:29:59,786 [myid:localhost:2181] - INFO  [main-SendThread(localhost:2181):ClientCnxn$SendThread@1169] - SASL config status: Will not attempt to authenticate using SASL (unknown error)
2021-07-19 09:30:01,787 [myid:localhost:2181] - WARN  [main-SendThread(localhost:2181):ClientCnxn$SendThread@1285] - Session 0x0 for sever localhost/0:0:0:0:0:0:0:1:2181, Closing socket connection. Attempting reconnect except it is a SessionExpiredException.
java.net.ConnectException: Connection refused: no further information
	at java.base/sun.nio.ch.SocketChannelImpl.checkConnect(Native Method)
	at java.base/sun.nio.ch.SocketChannelImpl.finishConnect(SocketChannelImpl.java:779)
	at org.apache.zookeeper.ClientCnxnSocketNIO.doTransport(ClientCnxnSocketNIO.java:344)
	at org.apache.zookeeper.ClientCnxn$SendThread.run(ClientCnxn.java:1275)
2021-07-19 09:30:02,888 [myid:localhost:2181] - INFO  [main-SendThread(localhost:2181):ClientCnxn$SendThread@1167] - Opening socket connection to server localhost/127.0.0.1:2181.
2021-07-19 09:30:02,888 [myid:localhost:2181] - INFO  [main-SendThread(localhost:2181):ClientCnxn$SendThread@1169] - SASL config status: Will not attempt to authenticate using SASL (unknown error)
2021-07-19 09:30:04,893 [myid:localhost:2181] - WARN  [main-SendThread(localhost:2181):ClientCnxn$SendThread@1285] - Session 0x0 for sever localhost/127.0.0.1:2181, Closing socket connection. Attempting reconnect except it is a SessionExpiredException.
java.net.ConnectException: Connection refused: no further information
	at java.base/sun.nio.ch.SocketChannelImpl.checkConnect(Native Method)
	at java.base/sun.nio.ch.SocketChannelImpl.finishConnect(SocketChannelImpl.java:779)
	at org.apache.zookeeper.ClientCnxnSocketNIO.doTransport(ClientCnxnSocketNIO.java:344)
	at org.apache.zookeeper.ClientCnxn$SendThread.run(ClientCnxn.java:1275)
2021-07-19 09:30:05,994 [myid:localhost:2181] - INFO  [main-SendThread(localhost:2181):ClientCnxn$SendThread@1167] - Opening socket connection to server localhost/0:0:0:0:0:0:0:1:2181.
2021-07-19 09:30:05,994 [myid:localhost:2181] - INFO  [main-SendThread(localhost:2181):ClientCnxn$SendThread@1169] - SASL config status: Will not attempt to authenticate using SASL (unknown error)
2021-07-19 09:30:07,998 [myid:localhost:2181] - WARN  [main-SendThread(localhost:2181):ClientCnxn$SendThread@1285] - Session 0x0 for sever localhost/0:0:0:0:0:0:0:1:2181, Closing socket connection. Attempting reconnect except it is a SessionExpiredException.
java.net.ConnectException: Connection refused: no further information
	at java.base/sun.nio.ch.SocketChannelImpl.checkConnect(Native Method)
	at java.base/sun.nio.ch.SocketChannelImpl.finishConnect(SocketChannelImpl.java:779)
	at org.apache.zookeeper.ClientCnxnSocketNIO.doTransport(ClientCnxnSocketNIO.java:344)
	at org.apache.zookeeper.ClientCnxn$SendThread.run(ClientCnxn.java:1275)
